::1 - - [15/Dec/2024:10:58:04 +0900] "GET /index.php HTTP/1.1" 200 75183
::1 - - [15/Dec/2024:11:01:03 +0900] "GET /index.php HTTP/1.1" 200 1234
::1 - - [15/Dec/2024:11:01:10 +0900] "GET /components_list.php HTTP/1.1" 200 707
::1 - - [15/Dec/2024:11:48:01 +0900] "GET /index.php HTTP/1.1" 200 1234
::1 - - [15/Dec/2024:11:48:01 +0900] "GET /favicon.ico HTTP/1.1" 404 196
::1 - - [15/Dec/2024:11:48:07 +0900] "GET /components_list.php HTTP/1.1" 200 707
::1 - - [15/Dec/2024:11:48:12 +0900] "GET /components_list.php HTTP/1.1" 200 707
::1 - - [15/Dec/2024:11:51:12 +0900] "GET /info.php HTTP/1.1" 200 74938
::1 - - [15/Dec/2024:11:53:14 +0900] "GET /components_list.php HTTP/1.1" 200 2388
::1 - - [15/Dec/2024:11:53:52 +0900] "GET /add_component.php HTTP/1.1" 200 2451
::1 - - [15/Dec/2024:20:17:53 +0900] "GET /components_list.php HTTP/1.1" 200 2388
::1 - - [15/Dec/2024:20:17:54 +0900] "GET /favicon.ico HTTP/1.1" 404 196
::1 - - [15/Dec/2024:20:18:01 +0900] "GET / HTTP/1.1" 200 1234
::1 - - [15/Dec/2024:20:18:18 +0900] "GET /add_component.php HTTP/1.1" 200 2457
::1 - - [15/Dec/2024:20:22:55 +0900] "GET /POST?name=%D1%82%D0%B5%D1%81%D1%82%D0%BE%D0%B2%D0%B8%D0%B9+%D0%BA%D0%BE%D0%BC%D0%BF%D0%BE%D0%BD%D0%B5%D0%BD%D1%82&specifications=%D1%81%D1%81%D1%81&price=150&quantity=1 HTTP/1.1" 404 196
::1 - - [15/Dec/2024:20:23:06 +0900] "GET /POST?name=%D1%82%D0%B5%D1%81%D1%82%D0%BE%D0%B2%D0%B8%D0%B9+%D0%BA%D0%BE%D0%BC%D0%BF%D0%BE%D0%BD%D0%B5%D0%BD%D1%82&specifications=%D1%81%D1%81%D1%81&price=150&quantity=1 HTTP/1.1" 404 196
::1 - - [15/Dec/2024:20:23:08 +0900] "GET /POST?name=%D1%82%D0%B5%D1%81%D1%82%D0%BE%D0%B2%D0%B8%D0%B9+%D0%BA%D0%BE%D0%BC%D0%BF%D0%BE%D0%BD%D0%B5%D0%BD%D1%82&specifications=%D1%81%D1%81%D1%81&price=150&quantity=1 HTTP/1.1" 404 196
::1 - - [15/Dec/2024:20:23:12 +0900] "GET /add_component.php HTTP/1.1" 200 2457
::1 - - [15/Dec/2024:20:23:16 +0900] "GET /add_component.php HTTP/1.1" 200 2457
::1 - - [15/Dec/2024:20:23:24 +0900] "GET /POST?name=%D1%82%D0%B5%D1%81%D1%82%D0%BE%D0%B2%D0%B8%D0%B9+%D0%BA%D0%BE%D0%BC%D0%BF%D0%BE%D0%BD%D0%B5%D0%BD%D1%82&specifications=%D0%B0%D0%B0%D0%B0&price=150&quantity=1 HTTP/1.1" 404 196
::1 - - [15/Dec/2024:20:23:40 +0900] "GET /POST?name=%D1%82%D0%B5%D1%81%D1%82%D0%BE%D0%B2%D0%B8%D0%B9+%D0%BA%D0%BE%D0%BC%D0%BF%D0%BE%D0%BD%D0%B5%D0%BD%D1%82&specifications=%D0%B0%D0%B0%D0%B0&price=150&quantity=1 HTTP/1.1" 404 196
::1 - - [15/Dec/2024:20:24:13 +0900] "GET / HTTP/1.1" 200 1234
::1 - - [15/Dec/2024:20:24:15 +0900] "GET /add_component.php HTTP/1.1" 200 2486
::1 - - [15/Dec/2024:20:24:22 +0900] "POST /add_component.php HTTP/1.1" 200 2611
::1 - - [15/Dec/2024:20:25:06 +0900] "GET /add_component.php HTTP/1.1" 200 2486
::1 - - [15/Dec/2024:20:25:09 +0900] "GET / HTTP/1.1" 200 1234
::1 - - [15/Dec/2024:20:25:10 +0900] "GET /add_component.php HTTP/1.1" 200 2486
::1 - - [15/Dec/2024:20:25:16 +0900] "POST /add_component.php HTTP/1.1" 200 2559
::1 - - [15/Dec/2024:20:31:00 +0900] "GET /add_component.php HTTP/1.1" 200 2486
::1 - - [15/Dec/2024:20:31:02 +0900] "GET / HTTP/1.1" 200 1288
::1 - - [15/Dec/2024:20:31:04 +0900] "GET /delete_component.php HTTP/1.1" 200 -
::1 - - [15/Dec/2024:20:31:14 +0900] "GET /delete_component.php HTTP/1.1" 200 -
::1 - - [15/Dec/2024:20:31:24 +0900] "GET / HTTP/1.1" 200 1288
::1 - - [15/Dec/2024:20:31:25 +0900] "GET /delete_component.php HTTP/1.1" 200 1842
::1 - - [15/Dec/2024:20:46:24 +0900] "GET / HTTP/1.1" 200 1288
::1 - - [15/Dec/2024:20:46:26 +0900] "GET /delete_component.php HTTP/1.1" 200 3757
::1 - - [15/Dec/2024:20:47:48 +0900] "GET / HTTP/1.1" 200 1288
::1 - - [15/Dec/2024:20:48:00 +0900] "GET / HTTP/1.1" 200 1288
::1 - - [15/Dec/2024:20:48:02 +0900] "GET /delete_component.php HTTP/1.1" 200 3828
::1 - - [15/Dec/2024:20:49:47 +0900] "GET /delete_component.php HTTP/1.1" 200 4020
::1 - - [15/Dec/2024:20:50:15 +0900] "GET /delete_component.php HTTP/1.1" 200 3823
::1 - - [15/Dec/2024:20:50:25 +0900] "POST /delete_component.php HTTP/1.1" 200 3823
::1 - - [15/Dec/2024:20:59:04 +0900] "POST /delete_component.php HTTP/1.1" 200 3765
::1 - - [15/Dec/2024:20:59:22 +0900] "GET /delete_component.php HTTP/1.1" 200 3692
::1 - - [15/Dec/2024:20:59:26 +0900] "GET /add_component.php HTTP/1.1" 200 2486
::1 - - [15/Dec/2024:20:59:34 +0900] "POST /add_component.php HTTP/1.1" 200 2559
::1 - - [15/Dec/2024:20:59:36 +0900] "GET /add_component.php HTTP/1.1" 200 2486
::1 - - [15/Dec/2024:20:59:39 +0900] "GET /delete_component.php HTTP/1.1" 200 3791
::1 - - [15/Dec/2024:20:59:42 +0900] "POST /delete_component.php HTTP/1.1" 200 3765
::1 - - [15/Dec/2024:21:03:01 +0900] "GET /delete_component.php HTTP/1.1" 200 3692
::1 - - [17/Dec/2024:09:28:19 +0900] "GET / HTTP/1.1" 200 1288
::1 - - [17/Dec/2024:09:28:19 +0900] "GET /favicon.ico HTTP/1.1" 404 196
::1 - - [17/Dec/2024:09:39:12 +0900] "GET / HTTP/1.1" 200 1288
::1 - - [17/Dec/2024:09:39:15 +0900] "GET / HTTP/1.1" 200 1288
::1 - - [17/Dec/2024:09:39:30 +0900] "GET / HTTP/1.1" 200 1406
::1 - - [17/Dec/2024:09:39:31 +0900] "GET /edit_component.php HTTP/1.1" 200 1838
::1 - - [17/Dec/2024:09:44:49 +0900] "GET / HTTP/1.1" 200 1406
::1 - - [17/Dec/2024:09:44:50 +0900] "GET /edit_component.php HTTP/1.1" 200 3759
::1 - - [17/Dec/2024:10:06:53 +0900] "GET /edit_component.php HTTP/1.1" 200 189
::1 - - [17/Dec/2024:10:08:01 +0900] "GET /edit_component.php HTTP/1.1" 200 189
::1 - - [17/Dec/2024:10:08:03 +0900] "GET / HTTP/1.1" 200 1406
::1 - - [17/Dec/2024:10:08:05 +0900] "GET /edit_component.php HTTP/1.1" 200 189
::1 - - [17/Dec/2024:10:09:13 +0900] "GET /edit_component.php HTTP/1.1" 200 189
::1 - - [17/Dec/2024:10:09:14 +0900] "GET /edit_component.php HTTP/1.1" 200 189
::1 - - [17/Dec/2024:10:09:17 +0900] "GET /edit_component.php HTTP/1.1" 200 189
::1 - - [17/Dec/2024:10:09:30 +0900] "GET /edit_component.php HTTP/1.1" 200 3870
::1 - - [17/Dec/2024:10:09:40 +0900] "POST /edit_component.php HTTP/1.1" 200 2175
::1 - - [17/Dec/2024:10:12:13 +0900] "POST /edit_component.php HTTP/1.1" 200 2815
::1 - - [17/Dec/2024:10:12:23 +0900] "GET /edit_component.php HTTP/1.1" 200 2815
::1 - - [17/Dec/2024:10:12:26 +0900] "GET /edit_component.php HTTP/1.1" 200 2815
::1 - - [17/Dec/2024:10:13:04 +0900] "GET /edit_component.php HTTP/1.1" 200 3867
::1 - - [17/Dec/2024:10:13:07 +0900] "POST /edit_component.php HTTP/1.1" 200 5106
::1 - - [17/Dec/2024:10:13:34 +0900] "POST /edit_component.php HTTP/1.1" 200 5134
::1 - - [17/Dec/2024:10:17:43 +0900] "POST /edit_component.php HTTP/1.1" 200 4836
::1 - - [17/Dec/2024:10:17:45 +0900] "POST /edit_component.php HTTP/1.1" 200 4836
::1 - - [17/Dec/2024:10:17:48 +0900] "POST /edit_component.php HTTP/1.1" 200 4820
::1 - - [17/Dec/2024:10:18:37 +0900] "POST /edit_component.php HTTP/1.1" 200 4854
::1 - - [17/Dec/2024:10:18:42 +0900] "POST /edit_component.php HTTP/1.1" 200 4856
::1 - - [17/Dec/2024:10:27:43 +0900] "POST /edit_component.php HTTP/1.1" 200 4874
::1 - - [17/Dec/2024:10:27:47 +0900] "POST /edit_component.php HTTP/1.1" 200 4868
::1 - - [17/Dec/2024:10:28:04 +0900] "POST /edit_component.php HTTP/1.1" 200 4170
::1 - - [17/Dec/2024:10:28:24 +0900] "POST /edit_component.php HTTP/1.1" 200 3925
::1 - - [17/Dec/2024:10:29:22 +0900] "POST /edit_component.php HTTP/1.1" 200 3925
::1 - - [17/Dec/2024:10:29:26 +0900] "POST /edit_component.php HTTP/1.1" 200 4896
::1 - - [17/Dec/2024:10:29:39 +0900] "POST /edit_component.php HTTP/1.1" 200 3925
::1 - - [17/Dec/2024:10:32:15 +0900] "POST /edit_component.php HTTP/1.1" 200 3929
::1 - - [17/Dec/2024:10:32:21 +0900] "POST /edit_component.php HTTP/1.1" 200 4916
::1 - - [17/Dec/2024:10:32:34 +0900] "POST /edit_component.php HTTP/1.1" 200 3929
::1 - - [17/Dec/2024:10:34:47 +0900] "POST /edit_component.php HTTP/1.1" 200 3933
::1 - - [17/Dec/2024:10:34:53 +0900] "GET / HTTP/1.1" 200 1406
::1 - - [17/Dec/2024:10:34:55 +0900] "GET /components_list.php HTTP/1.1" 200 3597
::1 - - [17/Dec/2024:10:35:02 +0900] "GET /components_list.php HTTP/1.1" 200 3597
::1 - - [17/Dec/2024:10:35:30 +0900] "GET /components_list.php HTTP/1.1" 200 3914
::1 - - [17/Dec/2024:10:36:12 +0900] "GET /components_list.php HTTP/1.1" 200 3914
::1 - - [17/Dec/2024:10:42:45 +0900] "GET /components_list.php HTTP/1.1" 200 2135
::1 - - [17/Dec/2024:10:44:07 +0900] "GET /components_list.php HTTP/1.1" 200 2104
::1 - - [17/Dec/2024:10:44:07 +0900] "GET /style.css HTTP/1.1" 200 1822
::1 - - [17/Dec/2024:10:46:08 +0900] "GET / HTTP/1.1" 200 808
::1 - - [17/Dec/2024:10:46:08 +0900] "GET /style.css HTTP/1.1" 200 2303
::1 - - [17/Dec/2024:10:46:25 +0900] "GET /components_list.php HTTP/1.1" 200 2100
::1 - - [17/Dec/2024:10:46:25 +0900] "GET /style.css HTTP/1.1" 304 -
::1 - - [17/Dec/2024:10:46:28 +0900] "GET /add_component.php HTTP/1.1" 200 2486
::1 - - [17/Dec/2024:10:46:31 +0900] "GET /delete_component.php HTTP/1.1" 200 2207
::1 - - [17/Dec/2024:10:46:31 +0900] "GET /style.css HTTP/1.1" 304 -
::1 - - [17/Dec/2024:10:46:33 +0900] "GET /edit_component.php HTTP/1.1" 200 2392
::1 - - [17/Dec/2024:10:52:27 +0900] "GET / HTTP/1.1" 200 808
::1 - - [17/Dec/2024:10:52:27 +0900] "GET /style.css HTTP/1.1" 304 -
::1 - - [17/Dec/2024:10:52:41 +0900] "GET /components_list.php HTTP/1.1" 200 2100
::1 - - [17/Dec/2024:10:52:53 +0900] "GET /register.php HTTP/1.1" 200 724
::1 - - [18/Dec/2024:15:11:30 +0900] "GET /index.php HTTP/1.1" 200 808
::1 - - [18/Dec/2024:15:11:30 +0900] "GET /style.css HTTP/1.1" 304 -
::1 - - [18/Dec/2024:15:19:22 +0900] "GET /register.php HTTP/1.1" 200 1148
::1 - - [18/Dec/2024:15:40:54 +0900] "POST /register.php HTTP/1.1" 200 205
::1 - - [18/Dec/2024:15:41:14 +0900] "POST /register.php HTTP/1.1" 200 1448
::1 - - [18/Dec/2024:15:42:27 +0900] "GET /register.php HTTP/1.1" 200 1233
::1 - - [18/Dec/2024:15:42:31 +0900] "GET /components_list.php HTTP/1.1" 200 2100
::1 - - [18/Dec/2024:15:42:43 +0900] "GET /register.php HTTP/1.1" 200 1233
::1 - - [18/Dec/2024:15:43:01 +0900] "POST /register.php HTTP/1.1" 200 1448
::1 - - [18/Dec/2024:15:44:01 +0900] "POST /register.php HTTP/1.1" 200 1448
::1 - - [18/Dec/2024:15:44:27 +0900] "POST /register.php HTTP/1.1" 200 1281
::1 - - [18/Dec/2024:15:44:53 +0900] "POST /register.php HTTP/1.1" 200 1254
::1 - - [18/Dec/2024:15:45:54 +0900] "POST /register.php HTTP/1.1" 302 -
::1 - - [18/Dec/2024:15:45:54 +0900] "GET /login.php HTTP/1.1" 404 196
::1 - - [18/Dec/2024:15:45:57 +0900] "GET /login.php HTTP/1.1" 404 196
::1 - - [18/Dec/2024:15:47:31 +0900] "POST /register.php HTTP/1.1" 200 1254
::1 - - [18/Dec/2024:15:47:48 +0900] "POST /register.php HTTP/1.1" 302 -
::1 - - [18/Dec/2024:15:47:48 +0900] "GET /login.php HTTP/1.1" 404 196
::1 - - [18/Dec/2024:15:48:26 +0900] "POST /register.php HTTP/1.1" 200 1254
::1 - - [18/Dec/2024:16:01:40 +0900] "POST /register.php HTTP/1.1" 200 1254
::1 - - [18/Dec/2024:16:01:57 +0900] "GET /login.php HTTP/1.1" 200 680
::1 - - [18/Dec/2024:16:02:07 +0900] "POST /login.php HTTP/1.1" 200 199
::1 - - [18/Dec/2024:16:02:21 +0900] "POST /login.php HTTP/1.1" 200 890
::1 - - [18/Dec/2024:16:02:39 +0900] "GET /login.php HTTP/1.1" 200 680
::1 - - [18/Dec/2024:16:02:42 +0900] "POST /register.php HTTP/1.1" 200 1254
::1 - - [18/Dec/2024:16:03:07 +0900] "POST /register.php HTTP/1.1" 302 -
::1 - - [18/Dec/2024:16:03:07 +0900] "GET /login.php HTTP/1.1" 200 680
::1 - - [18/Dec/2024:16:03:19 +0900] "POST /login.php HTTP/1.1" 200 890
::1 - - [18/Dec/2024:16:03:37 +0900] "POST /login.php HTTP/1.1" 200 890
::1 - - [18/Dec/2024:16:04:40 +0900] "POST /login.php HTTP/1.1" 302 -
::1 - - [18/Dec/2024:16:04:40 +0900] "GET /index.php HTTP/1.1" 200 808
::1 - - [18/Dec/2024:16:04:57 +0900] "GET /register.php HTTP/1.1" 200 1156
::1 - - [18/Dec/2024:16:05:15 +0900] "POST /register.php HTTP/1.1" 302 -
::1 - - [18/Dec/2024:16:05:15 +0900] "GET /login.php HTTP/1.1" 200 680
::1 - - [18/Dec/2024:16:05:23 +0900] "POST /login.php HTTP/1.1" 302 -
::1 - - [18/Dec/2024:16:05:23 +0900] "GET /index.php HTTP/1.1" 200 808
::1 - - [20/Dec/2024:10:06:25 +0900] "GET / HTTP/1.1" 200 808
::1 - - [20/Dec/2024:10:06:25 +0900] "GET /style.css HTTP/1.1" 304 -
::1 - - [20/Dec/2024:10:06:26 +0900] "GET /favicon.ico HTTP/1.1" 404 196
