[Sun Dec 15 10:55:43.221749 2024] [mpm_winnt:notice] [pid 120:tid 376] AH00455: Apache/2.4.62 (Win64) PHP/8.4.1 configured -- resuming normal operations
[Sun Dec 15 10:55:43.221749 2024] [mpm_winnt:notice] [pid 120:tid 376] AH00456: Apache Lounge VS17 Server built: Sep  4 2024 10:31:52
[Sun Dec 15 10:55:43.221749 2024] [core:notice] [pid 120:tid 376] AH00094: Command line: 'C:\\Apache24\\bin\\httpd.exe -d C:/Apache24'
[Sun Dec 15 10:55:43.224751 2024] [mpm_winnt:notice] [pid 120:tid 376] AH00418: Parent: Created child process 14836
Apache server shutdown initiated...
pm_winnt:notice] [pid 14836:tid 372] AH00354: Child: Starting 64 worker threads.
[Sun Dec 15 10:55:47.058792 2024] [mpm_winnt:notice] [pid 120:tid 376] AH00422: Parent: Received shutdown signal -- Shutting down the server.
[Sun Dec 15 10:55:49.078135 2024] [mpm_winnt:notice] [pid 14836:tid 372] AH00364: Child: All worker threads have exited.
[Sun Dec 15 10:55:49.102224 2024] [mpm_winnt:notice] [pid 120:tid 376] AH00430: Parent: Child process 14836 exited successfully.
[Sun Dec 15 10:57:41.199719 2024] [mpm_winnt:notice] [pid 2352:tid 372] AH00455: Apache/2.4.62 (Win64) PHP/8.4.1 configured -- resuming normal operations
[Sun Dec 15 10:57:41.199719 2024] [mpm_winnt:notice] [pid 2352:tid 372] AH00456: Apache Lounge VS17 Server built: Sep  4 2024 10:31:52
[Sun Dec 15 10:57:41.199719 2024] [core:notice] [pid 2352:tid 372] AH00094: Command line: 'C:\\Apache24\\bin\\httpd.exe -d C:/Apache24'
[Sun Dec 15 10:57:41.202721 2024] [mpm_winnt:notice] [pid 2352:tid 372] AH00418: Parent: Created child process 7508
Apache server shutdown initiated...
pm_winnt:notice] [pid 7508:tid 372] AH00354: Child: Starting 64 worker threads.
[Sun Dec 15 11:05:42.902346 2024] [mpm_winnt:notice] [pid 2352:tid 372] AH00422: Parent: Received shutdown signal -- Shutting down the server.
[Sun Dec 15 11:05:44.927110 2024] [mpm_winnt:notice] [pid 7508:tid 372] AH00364: Child: All worker threads have exited.
[Sun Dec 15 11:05:44.953764 2024] [mpm_winnt:notice] [pid 2352:tid 372] AH00430: Parent: Child process 7508 exited successfully.
[Sun Dec 15 11:47:36.534647 2024] [mpm_winnt:notice] [pid 13032:tid 372] AH00455: Apache/2.4.62 (Win64) PHP/8.4.1 configured -- resuming normal operations
[Sun Dec 15 11:47:36.534647 2024] [mpm_winnt:notice] [pid 13032:tid 372] AH00456: Apache Lounge VS17 Server built: Sep  4 2024 10:31:52
[Sun Dec 15 11:47:36.534647 2024] [core:notice] [pid 13032:tid 372] AH00094: Command line: 'C:\\Apache24\\bin\\httpd.exe -d C:/Apache24'
[Sun Dec 15 11:47:36.537702 2024] [mpm_winnt:notice] [pid 13032:tid 372] AH00418: Parent: Created child process 11232
Apache server shutdown initiated...
pm_winnt:notice] [pid 11232:tid 384] AH00354: Child: Starting 64 worker threads.
[Sun Dec 15 11:49:34.272452 2024] [mpm_winnt:notice] [pid 13032:tid 372] AH00422: Parent: Received shutdown signal -- Shutting down the server.
[Sun Dec 15 11:49:36.290278 2024] [mpm_winnt:notice] [pid 11232:tid 384] AH00364: Child: All worker threads have exited.
[Sun Dec 15 11:49:36.315883 2024] [mpm_winnt:notice] [pid 13032:tid 372] AH00430: Parent: Child process 11232 exited successfully.
[Sun Dec 15 11:50:43.918319 2024] [mpm_winnt:notice] [pid 3240:tid 400] AH00455: Apache/2.4.62 (Win64) PHP/8.4.1 configured -- resuming normal operations
[Sun Dec 15 11:50:43.918319 2024] [mpm_winnt:notice] [pid 3240:tid 400] AH00456: Apache Lounge VS17 Server built: Sep  4 2024 10:31:52
[Sun Dec 15 11:50:43.918319 2024] [core:notice] [pid 3240:tid 400] AH00094: Command line: 'C:\\Apache24\\bin\\httpd.exe -d C:/Apache24'
[Sun Dec 15 11:50:43.920303 2024] [mpm_winnt:notice] [pid 3240:tid 400] AH00418: Parent: Created child process 15812
Apache server shutdown initiated...
pm_winnt:notice] [pid 15812:tid 368] AH00354: Child: Starting 64 worker threads.
[Sun Dec 15 11:53:01.707557 2024] [mpm_winnt:notice] [pid 3240:tid 400] AH00422: Parent: Received shutdown signal -- Shutting down the server.
[Sun Dec 15 11:53:03.718635 2024] [mpm_winnt:notice] [pid 15812:tid 368] AH00364: Child: All worker threads have exited.
[Sun Dec 15 11:53:03.743748 2024] [mpm_winnt:notice] [pid 3240:tid 400] AH00430: Parent: Child process 15812 exited successfully.
[Sun Dec 15 11:53:10.673365 2024] [mpm_winnt:notice] [pid 6068:tid 372] AH00455: Apache/2.4.62 (Win64) PHP/8.4.1 configured -- resuming normal operations
[Sun Dec 15 11:53:10.673365 2024] [mpm_winnt:notice] [pid 6068:tid 372] AH00456: Apache Lounge VS17 Server built: Sep  4 2024 10:31:52
[Sun Dec 15 11:53:10.673365 2024] [core:notice] [pid 6068:tid 372] AH00094: Command line: 'C:\\Apache24\\bin\\httpd.exe -d C:/Apache24'
[Sun Dec 15 11:53:10.682957 2024] [mpm_winnt:notice] [pid 6068:tid 372] AH00418: Parent: Created child process 10128
Apache server shutdown initiated...
pm_winnt:notice] [pid 10128:tid 368] AH00354: Child: Starting 64 worker threads.
[Sun Dec 15 11:58:29.084410 2024] [mpm_winnt:notice] [pid 6068:tid 372] AH00422: Parent: Received shutdown signal -- Shutting down the server.
[Sun Dec 15 11:58:31.110190 2024] [mpm_winnt:notice] [pid 10128:tid 368] AH00364: Child: All worker threads have exited.
[Sun Dec 15 11:58:31.141323 2024] [mpm_winnt:notice] [pid 6068:tid 372] AH00430: Parent: Child process 10128 exited successfully.
[Sun Dec 15 20:17:49.856262 2024] [mpm_winnt:notice] [pid 8492:tid 384] AH00455: Apache/2.4.62 (Win64) PHP/8.4.1 configured -- resuming normal operations
[Sun Dec 15 20:17:49.856262 2024] [mpm_winnt:notice] [pid 8492:tid 384] AH00456: Apache Lounge VS17 Server built: Sep  4 2024 10:31:52
[Sun Dec 15 20:17:49.856262 2024] [core:notice] [pid 8492:tid 384] AH00094: Command line: 'C:\\Apache24\\bin\\httpd.exe -d C:/Apache24'
[Sun Dec 15 20:17:49.866391 2024] [mpm_winnt:notice] [pid 8492:tid 384] AH00418: Parent: Created child process 7832
[Sun Dec 15 20:17:51.804604 2024] [mpm_winnt:notice] [pid 7832:tid 376] AH00354: Child: Starting 64 worker threads.
[Tue Dec 17 09:28:15.957015 2024] [core:warn] [pid 11024:tid 376] AH00098: pid file C:/Apache24/logs/httpd.pid overwritten -- Unclean shutdown of previous Apache run?
[Tue Dec 17 09:28:16.019093 2024] [mpm_winnt:notice] [pid 11024:tid 376] AH00455: Apache/2.4.62 (Win64) PHP/8.4.1 configured -- resuming normal operations
[Tue Dec 17 09:28:16.019093 2024] [mpm_winnt:notice] [pid 11024:tid 376] AH00456: Apache Lounge VS17 Server built: Sep  4 2024 10:31:52
[Tue Dec 17 09:28:16.019093 2024] [core:notice] [pid 11024:tid 376] AH00094: Command line: 'C:\\Apache24\\bin\\httpd.exe -d C:/Apache24'
[Tue Dec 17 09:28:16.022094 2024] [mpm_winnt:notice] [pid 11024:tid 376] AH00418: Parent: Created child process 14932
Apache server shutdown initiated...
pm_winnt:notice] [pid 14932:tid 380] AH00354: Child: Starting 64 worker threads.
[Tue Dec 17 10:06:53.646456 2024] [php:error] [pid 14932:tid 1172] [client ::1:50714] PHP Fatal error:  Cannot use isset() on the result of an expression (you can use "null !== expression" instead) in C:\\localhost\\edit_component.php on line 120, referer: http://localhost/
[Tue Dec 17 10:08:01.144329 2024] [php:error] [pid 14932:tid 1172] [client ::1:50718] PHP Fatal error:  Cannot use isset() on the result of an expression (you can use "null !== expression" instead) in C:\\localhost\\edit_component.php on line 120, referer: http://localhost/
[Tue Dec 17 10:08:05.067977 2024] [php:error] [pid 14932:tid 1172] [client ::1:50718] PHP Fatal error:  Cannot use isset() on the result of an expression (you can use "null !== expression" instead) in C:\\localhost\\edit_component.php on line 120, referer: http://localhost/
[Tue Dec 17 10:09:13.293682 2024] [php:error] [pid 14932:tid 1172] [client ::1:50719] PHP Fatal error:  Cannot use isset() on the result of an expression (you can use "null !== expression" instead) in C:\\localhost\\edit_component.php on line 120, referer: http://localhost/
[Tue Dec 17 10:09:14.591348 2024] [php:error] [pid 14932:tid 1172] [client ::1:50719] PHP Fatal error:  Cannot use isset() on the result of an expression (you can use "null !== expression" instead) in C:\\localhost\\edit_component.php on line 120, referer: http://localhost/
[Tue Dec 17 10:09:17.512527 2024] [php:error] [pid 14932:tid 1172] [client ::1:50719] PHP Fatal error:  Cannot use isset() on the result of an expression (you can use "null !== expression" instead) in C:\\localhost\\edit_component.php on line 120, referer: http://localhost/
[Tue Dec 17 10:09:40.163058 2024] [php:warn] [pid 14932:tid 1172] [client ::1:50722] PHP Warning:  Undefined variable $fetchStmt in C:\\localhost\\edit_component.php on line 96, referer: http://localhost/edit_component.php
[Tue Dec 17 10:09:40.163413 2024] [php:error] [pid 14932:tid 1172] [client ::1:50722] PHP Fatal error:  Uncaught Error: Call to a member function execute() on null in C:\\localhost\\edit_component.php:96\nStack trace:\n#0 {main}\n  thrown in C:\\localhost\\edit_component.php on line 96, referer: http://localhost/edit_component.php
[Tue Dec 17 10:12:13.151441 2024] [php:warn] [pid 14932:tid 1172] [client ::1:50732] PHP Warning:  Undefined variable $components in C:\\localhost\\edit_component.php on line 111, referer: http://localhost/edit_component.php
[Tue Dec 17 10:12:13.151441 2024] [php:warn] [pid 14932:tid 1172] [client ::1:50732] PHP Warning:  foreach() argument must be of type array|object, null given in C:\\localhost\\edit_component.php on line 111, referer: http://localhost/edit_component.php
[Tue Dec 17 10:12:23.085704 2024] [php:warn] [pid 14932:tid 1172] [client ::1:50735] PHP Warning:  Undefined variable $components in C:\\localhost\\edit_component.php on line 111, referer: http://localhost/
[Tue Dec 17 10:12:23.085704 2024] [php:warn] [pid 14932:tid 1172] [client ::1:50735] PHP Warning:  foreach() argument must be of type array|object, null given in C:\\localhost\\edit_component.php on line 111, referer: http://localhost/
[Tue Dec 17 10:12:26.232431 2024] [php:warn] [pid 14932:tid 1172] [client ::1:50735] PHP Warning:  Undefined variable $components in C:\\localhost\\edit_component.php on line 111, referer: http://localhost/
[Tue Dec 17 10:12:26.232431 2024] [php:warn] [pid 14932:tid 1172] [client ::1:50735] PHP Warning:  foreach() argument must be of type array|object, null given in C:\\localhost\\edit_component.php on line 111, referer: http://localhost/
[Tue Dec 17 10:13:07.415939 2024] [php:warn] [pid 14932:tid 1172] [client ::1:50741] PHP Warning:  Undefined array key "id" in C:\\localhost\\edit_component.php on line 123, referer: http://localhost/edit_component.php
[Tue Dec 17 10:13:07.415939 2024] [php:notice] [pid 14932:tid 1172] [client ::1:50741] PHP Deprecated:  htmlspecialchars(): Passing null to parameter #1 ($string) of type string is deprecated in C:\\localhost\\edit_component.php on line 123, referer: http://localhost/edit_component.php
[Tue Dec 17 10:13:34.514647 2024] [php:warn] [pid 14932:tid 1172] [client ::1:50745] PHP Warning:  Undefined array key "id" in C:\\localhost\\edit_component.php on line 123, referer: http://localhost/edit_component.php
[Tue Dec 17 10:13:34.514647 2024] [php:notice] [pid 14932:tid 1172] [client ::1:50745] PHP Deprecated:  htmlspecialchars(): Passing null to parameter #1 ($string) of type string is deprecated in C:\\localhost\\edit_component.php on line 123, referer: http://localhost/edit_component.php
[Tue Dec 17 10:28:04.102637 2024] [php:warn] [pid 14932:tid 1172] [client ::1:50804] PHP Warning:  Undefined variable $POST in C:\\localhost\\edit_component.php on line 103, referer: http://localhost/edit_component.php
[Tue Dec 17 10:28:04.102637 2024] [php:warn] [pid 14932:tid 1172] [client ::1:50804] PHP Warning:  Trying to access array offset on null in C:\\localhost\\edit_component.php on line 103, referer: http://localhost/edit_component.php
[Tue Dec 17 11:03:12.784250 2024] [mpm_winnt:notice] [pid 11024:tid 376] AH00422: Parent: Received shutdown signal -- Shutting down the server.
[Tue Dec 17 11:03:14.797704 2024] [mpm_winnt:notice] [pid 14932:tid 380] AH00364: Child: All worker threads have exited.
[Tue Dec 17 11:03:14.829872 2024] [mpm_winnt:notice] [pid 11024:tid 376] AH00430: Parent: Child process 14932 exited successfully.
[Wed Dec 18 15:11:26.775413 2024] [mpm_winnt:notice] [pid 3156:tid 384] AH00455: Apache/2.4.62 (Win64) PHP/8.4.1 configured -- resuming normal operations
[Wed Dec 18 15:11:26.775413 2024] [mpm_winnt:notice] [pid 3156:tid 384] AH00456: Apache Lounge VS17 Server built: Sep  4 2024 10:31:52
[Wed Dec 18 15:11:26.775413 2024] [core:notice] [pid 3156:tid 384] AH00094: Command line: 'C:\\Apache24\\bin\\httpd.exe -d C:/Apache24'
[Wed Dec 18 15:11:26.791075 2024] [mpm_winnt:notice] [pid 3156:tid 384] AH00418: Parent: Created child process 16544
Apache server shutdown initiated...
pm_winnt:notice] [pid 16544:tid 392] AH00354: Child: Starting 64 worker threads.
[Wed Dec 18 15:40:54.957832 2024] [php:error] [pid 16544:tid 1172] [client ::1:50699] PHP Fatal error:  Uncaught Error: Undefined constant "email" in C:\\localhost\\register.php:25\nStack trace:\n#0 {main}\n  thrown in C:\\localhost\\register.php on line 25, referer: http://localhost/register.php
[Wed Dec 18 15:45:54.378062 2024] [php:error] [pid 16544:tid 1172] [client ::1:50730] script 'C:/localhost/login.php' not found or unable to stat, referer: http://localhost/register.php
[Wed Dec 18 15:45:57.819446 2024] [php:error] [pid 16544:tid 1172] [client ::1:50730] script 'C:/localhost/login.php' not found or unable to stat, referer: http://localhost/register.php
[Wed Dec 18 15:47:48.066591 2024] [php:error] [pid 16544:tid 1172] [client ::1:50735] script 'C:/localhost/login.php' not found or unable to stat, referer: http://localhost/register.php
[Wed Dec 18 16:02:07.276572 2024] [php:error] [pid 16544:tid 1172] [client ::1:50781] PHP Fatal error:  Uncaught Error: Undefined constant "email" in C:\\localhost\\login.php:25\nStack trace:\n#0 {main}\n  thrown in C:\\localhost\\login.php on line 25, referer: http://localhost/login.php
[Wed Dec 18 16:02:21.691493 2024] [php:warn] [pid 16544:tid 1172] [client ::1:50790] PHP Warning:  Undefined variable $user in C:\\localhost\\login.php on line 28, referer: http://localhost/login.php
[Wed Dec 18 16:03:19.201822 2024] [php:warn] [pid 16544:tid 1172] [client ::1:50807] PHP Warning:  Undefined variable $user in C:\\localhost\\login.php on line 28, referer: http://localhost/login.php
[Wed Dec 18 16:03:37.202492 2024] [php:warn] [pid 16544:tid 1172] [client ::1:50809] PHP Warning:  Undefined variable $user in C:\\localhost\\login.php on line 28, referer: http://localhost/login.php
[Wed Dec 18 16:44:27.669032 2024] [mpm_winnt:notice] [pid 3156:tid 384] AH00422: Parent: Received shutdown signal -- Shutting down the server.
[Wed Dec 18 16:44:29.705659 2024] [mpm_winnt:notice] [pid 16544:tid 392] AH00364: Child: All worker threads have exited.
[Wed Dec 18 16:44:29.738122 2024] [mpm_winnt:notice] [pid 3156:tid 384] AH00430: Parent: Child process 16544 exited successfully.
[Fri Dec 20 10:06:17.354182 2024] [mpm_winnt:notice] [pid 11852:tid 372] AH00455: Apache/2.4.62 (Win64) PHP/8.4.1 configured -- resuming normal operations
[Fri Dec 20 10:06:17.354182 2024] [mpm_winnt:notice] [pid 11852:tid 372] AH00456: Apache Lounge VS17 Server built: Sep  4 2024 10:31:52
[Fri Dec 20 10:06:17.354182 2024] [core:notice] [pid 11852:tid 372] AH00094: Command line: 'C:\\Apache24\\bin\\httpd.exe -d C:/Apache24'
[Fri Dec 20 10:06:17.357239 2024] [mpm_winnt:notice] [pid 11852:tid 372] AH00418: Parent: Created child process 3232
Apache server shutdown initiated...
pm_winnt:notice] [pid 3232:tid 384] AH00354: Child: Starting 64 worker threads.
[Fri Dec 20 10:13:31.879547 2024] [mpm_winnt:notice] [pid 11852:tid 372] AH00422: Parent: Received shutdown signal -- Shutting down the server.
[Fri Dec 20 10:13:33.899257 2024] [mpm_winnt:notice] [pid 3232:tid 384] AH00364: Child: All worker threads have exited.
[Fri Dec 20 10:13:33.943332 2024] [mpm_winnt:notice] [pid 11852:tid 372] AH00430: Parent: Child process 3232 exited successfully.
[Fri Dec 20 10:13:38.167932 2024] [mpm_winnt:notice] [pid 4244:tid 388] AH00455: Apache/2.4.62 (Win64) PHP/8.4.1 configured -- resuming normal operations
[Fri Dec 20 10:13:38.167932 2024] [mpm_winnt:notice] [pid 4244:tid 388] AH00456: Apache Lounge VS17 Server built: Sep  4 2024 10:31:52
[Fri Dec 20 10:13:38.167932 2024] [core:notice] [pid 4244:tid 388] AH00094: Command line: 'C:\\Apache24\\bin\\httpd.exe -d C:/Apache24'
[Fri Dec 20 10:13:38.172933 2024] [mpm_winnt:notice] [pid 4244:tid 388] AH00418: Parent: Created child process 11828
[Fri Dec 20 10:13:39.129226 2024] [mpm_winnt:notice] [pid 11828:tid 372] AH00354: Child: Starting 64 worker threads.
